-------------------------------------------------------------------------------
Test set: Tests.CheckLogoPaySystemsTest
-------------------------------------------------------------------------------
Tests run: 1, Failures: 1, Errors: 0, Skipped: 0, Time elapsed: 6.886 s <<< FAILURE! - in Tests.CheckLogoPaySystemsTest
Tests.CheckLogoPaySystemsTest.checkLogoPaySystems  Time elapsed: 6.878 s  <<< FAILURE!
java.lang.AssertionError: expected:<[Visa, Verified By Visa, MasterCard, MasterCard Secure Code, Белкарт, МИР]> but was:<[Visa, Verified By Visa, MasterCard, MasterCard Secure Code, Белкарт]>
	at Tests.CheckLogoPaySystemsTest.checkLogoPaySystems(CheckLogoPaySystemsTest.java:41)

